<?xml version="1.0" encoding="UTF-8"?>
<!-- Generated by org.testng.reporters.JUnitXMLReporter -->
<testsuite hostname="Yogesh-Shadakshari" ignored="0" name="Test" tests="3" failures="0" timestamp="2021-12-30T20:06:06 IST" time="7.831" errors="0">
  <testcase name="addBook" time="5.874" classname="com.tests.AddBook"/>
  <testcase name="getBook" time="5.874" classname="com.tests.GetBook"/>
  <testcase name="addBook" time="5.873" classname="com.tests.AddBookUsingExternalFiles"/>
</testsuite> <!-- Test -->
